<?xml version="1.0" encoding="UTF-8"?>
<!-- Generated by org.testng.reporters.JUnitXMLReporter -->
<testsuite hostname="INSWL-1YRZHR2" name="Test" tests="1" failures="0" timestamp="22 Apr 2020 08:18:17 GMT" time="2.394" errors="0">
  <testcase name="@BeforeClass testSetUp" time="0.0" classname="Automation.facebook">
    <failure type="org.openqa.selenium.SessionNotCreatedException" message="session not created: This version of ChromeDriver only supports Chrome version 77
Build info: version: &amp;apos;3.141.59&amp;apos;, revision: &amp;apos;e82be7d358&amp;apos;, time: &amp;apos;2018-11-14T08:17:03&amp;apos;
System info: host: &amp;apos;INSWL-1YRZHR2&amp;apos;, ip: &amp;apos;192.168.99.1&amp;apos;, os.name: &amp;apos;Windows 10&amp;apos;, os.arch: &amp;apos;amd64&amp;apos;, os.version: &amp;apos;10.0&amp;apos;, java.version: &amp;apos;1.8.0_201&amp;apos;
Driver info: driver.version: ChromeDriver
remote stacktrace: Backtrace:
	Ordinal0 [0x0042EB13+1501971]
	Ordinal0 [0x003AF6D1+980689]
	Ordinal0 [0x0033765F+489055]
	Ordinal0 [0x002CF2F4+62196]
	Ordinal0 [0x002CBCDA+48346]
	Ordinal0 [0x002E9800+169984]
	Ordinal0 [0x002E942D+169005]
	Ordinal0 [0x002E78EB+162027]
	Ordinal0 [0x002D0AC7+68295]
	Ordinal0 [0x002D1B40+72512]
	Ordinal0 [0x002D1AD9+72409]
	Ordinal0 [0x003C8F37+1085239]
	GetHandleVerifier [0x004CD7ED+503293]
	GetHandleVerifier [0x004CD580+502672]
	GetHandleVerifier [0x004D46AC+531644]
	GetHandleVerifier [0x004CDFFA+505354]
	Ordinal0 [0x003C0606+1050118]
	Ordinal0 [0x003C047F+1049727]
	Ordinal0 [0x003CAF9B+1093531]
	Ordinal0 [0x003CB103+1093891]
	Ordinal0 [0x003CA095+1089685]
	BaseThreadInitThunk [0x75548494+36]
	RtlAreBitsSet [0x77B741C8+136]
	RtlAreBitsSet [0x77B74198+88]
">
      <![CDATA[org.openqa.selenium.SessionNotCreatedException: session not created: This version of ChromeDriver only supports Chrome version 77
Build info: version: '3.141.59', revision: 'e82be7d358', time: '2018-11-14T08:17:03'
System info: host: 'INSWL-1YRZHR2', ip: '192.168.99.1', os.name: 'Windows 10', os.arch: 'amd64', os.version: '10.0', java.version: '1.8.0_201'
Driver info: driver.version: ChromeDriver
remote stacktrace: Backtrace:
	Ordinal0 [0x0042EB13+1501971]
	Ordinal0 [0x003AF6D1+980689]
	Ordinal0 [0x0033765F+489055]
	Ordinal0 [0x002CF2F4+62196]
	Ordinal0 [0x002CBCDA+48346]
	Ordinal0 [0x002E9800+169984]
	Ordinal0 [0x002E942D+169005]
	Ordinal0 [0x002E78EB+162027]
	Ordinal0 [0x002D0AC7+68295]
	Ordinal0 [0x002D1B40+72512]
	Ordinal0 [0x002D1AD9+72409]
	Ordinal0 [0x003C8F37+1085239]
	GetHandleVerifier [0x004CD7ED+503293]
	GetHandleVerifier [0x004CD580+502672]
	GetHandleVerifier [0x004D46AC+531644]
	GetHandleVerifier [0x004CDFFA+505354]
	Ordinal0 [0x003C0606+1050118]
	Ordinal0 [0x003C047F+1049727]
	Ordinal0 [0x003CAF9B+1093531]
	Ordinal0 [0x003CB103+1093891]
	Ordinal0 [0x003CA095+1089685]
	BaseThreadInitThunk [0x75548494+36]
	RtlAreBitsSet [0x77B741C8+136]
	RtlAreBitsSet [0x77B74198+88]

	at org.openqa.selenium.remote.W3CHandshakeResponse.lambda$errorHandler$0(W3CHandshakeResponse.java:62)
	at org.openqa.selenium.remote.HandshakeResponse.lambda$getResponseFunction$0(HandshakeResponse.java:30)
	at org.openqa.selenium.remote.ProtocolHandshake.lambda$createSession$0(ProtocolHandshake.java:126)
	at java.util.stream.ReferencePipeline$3$1.accept(ReferencePipeline.java:193)
	at java.util.Spliterators$ArraySpliterator.tryAdvance(Spliterators.java:958)
	at java.util.stream.ReferencePipeline.forEachWithCancel(ReferencePipeline.java:126)
	at java.util.stream.AbstractPipeline.copyIntoWithCancel(AbstractPipeline.java:498)
	at java.util.stream.AbstractPipeline.copyInto(AbstractPipeline.java:485)
	at java.util.stream.AbstractPipeline.wrapAndCopyInto(AbstractPipeline.java:471)
	at java.util.stream.FindOps$FindOp.evaluateSequential(FindOps.java:152)
	at java.util.stream.AbstractPipeline.evaluate(AbstractPipeline.java:234)
	at java.util.stream.ReferencePipeline.findFirst(ReferencePipeline.java:464)
	at org.openqa.selenium.remote.ProtocolHandshake.createSession(ProtocolHandshake.java:128)
	at org.openqa.selenium.remote.ProtocolHandshake.createSession(ProtocolHandshake.java:74)
	at org.openqa.selenium.remote.HttpCommandExecutor.execute(HttpCommandExecutor.java:136)
	at org.openqa.selenium.remote.service.DriverCommandExecutor.execute(DriverCommandExecutor.java:83)
	at org.openqa.selenium.remote.RemoteWebDriver.execute(RemoteWebDriver.java:552)
	at org.openqa.selenium.remote.RemoteWebDriver.startSession(RemoteWebDriver.java:213)
	at org.openqa.selenium.remote.RemoteWebDriver.<init>(RemoteWebDriver.java:131)
	at org.openqa.selenium.chrome.ChromeDriver.<init>(ChromeDriver.java:181)
	at org.openqa.selenium.chrome.ChromeDriver.<init>(ChromeDriver.java:168)
	at org.openqa.selenium.chrome.ChromeDriver.<init>(ChromeDriver.java:157)
	at Automation.facebook.testSetUp(facebook.java:32)
... Removed 32 stack frames]]>
    </failure>
  </testcase> <!-- @BeforeClass testSetUp -->
  <testcase name="@AfterClass tearDown" time="0.0" classname="Automation.facebook">
    <skipped/>
  </testcase> <!-- @AfterClass tearDown -->
  <testcase name="verifyGooglePageTittle" time="0.001" classname="Automation.facebook">
    <skipped/>
  </testcase> <!-- verifyGooglePageTittle -->
</testsuite> <!-- Test -->
